{"C:\\Users\\bruno\\Desktop\\C-Temporal\\C-HawkMoney-HootTrade-Dexslips\\css-utilities-generator\\src\\cli.ts": {"path":"C:\\Users\\bruno\\Desktop\\C-Temporal\\C-HawkMoney-HootTrade-Dexslips\\css-utilities-generator\\src\\cli.ts","statementMap":{"0":{"start":{"line":8,"column":12},"end":{"line":8,"column":54}},"1":{"start":{"line":11,"column":19},"end":{"line":11,"column":45}},"2":{"start":{"line":13,"column":0},"end":{"line":17,"column":1}},"3":{"start":{"line":14,"column":4},"end":{"line":14,"column":58}},"4":{"start":{"line":16,"column":4},"end":{"line":16,"column":27}}},"fnMap":{},"branchMap":{"0":{"loc":{"start":{"line":13,"column":0},"end":{"line":17,"column":1}},"type":"if","locations":[{"start":{"line":13,"column":0},"end":{"line":17,"column":1}},{"start":{"line":15,"column":7},"end":{"line":17,"column":1}}],"line":13}},"s":{"0":0,"1":0,"2":0,"3":0,"4":0},"f":{},"b":{"0":[0,0]}}
,"C:\\Users\\bruno\\Desktop\\C-Temporal\\C-HawkMoney-HootTrade-Dexslips\\css-utilities-generator\\src\\commands\\init.ts": {"path":"C:\\Users\\bruno\\Desktop\\C-Temporal\\C-HawkMoney-HootTrade-Dexslips\\css-utilities-generator\\src\\commands\\init.ts","statementMap":{"0":{"start":{"line":7,"column":15},"end":{"line":14,"column":1}},"1":{"start":{"line":22,"column":0},"end":{"line":74,"column":5}},"2":{"start":{"line":25,"column":4},"end":{"line":25,"column":55}},"3":{"start":{"line":27,"column":4},"end":{"line":27,"column":22}},"4":{"start":{"line":31,"column":22},"end":{"line":44,"column":5}},"5":{"start":{"line":36,"column":12},"end":{"line":42,"column":13}},"6":{"start":{"line":37,"column":16},"end":{"line":37,"column":112}},"7":{"start":{"line":38,"column":16},"end":{"line":38,"column":33}},"8":{"start":{"line":40,"column":16},"end":{"line":40,"column":108}},"9":{"start":{"line":41,"column":16},"end":{"line":41,"column":41}},"10":{"start":{"line":45,"column":4},"end":{"line":45,"column":34}},"11":{"start":{"line":47,"column":22},"end":{"line":60,"column":5}},"12":{"start":{"line":52,"column":12},"end":{"line":58,"column":13}},"13":{"start":{"line":53,"column":16},"end":{"line":53,"column":122}},"14":{"start":{"line":54,"column":16},"end":{"line":54,"column":33}},"15":{"start":{"line":56,"column":16},"end":{"line":56,"column":130}},"16":{"start":{"line":57,"column":16},"end":{"line":57,"column":40}},"17":{"start":{"line":61,"column":4},"end":{"line":61,"column":33}},"18":{"start":{"line":63,"column":4},"end":{"line":63,"column":53}},"19":{"start":{"line":64,"column":4},"end":{"line":64,"column":62}},"20":{"start":{"line":68,"column":4},"end":{"line":68,"column":81}},"21":{"start":{"line":69,"column":4},"end":{"line":69,"column":70}},"22":{"start":{"line":70,"column":4},"end":{"line":70,"column":106}},"23":{"start":{"line":71,"column":4},"end":{"line":73,"column":6}}},"fnMap":{"0":{"name":"(anonymous_0)","decl":{"start":{"line":22,"column":1},"end":{"line":22,"column":2}},"loc":{"start":{"line":22,"column":13},"end":{"line":74,"column":1}},"line":22},"1":{"name":"(anonymous_1)","decl":{"start":{"line":35,"column":8},"end":{"line":35,"column":9}},"loc":{"start":{"line":35,"column":23},"end":{"line":43,"column":9}},"line":35},"2":{"name":"(anonymous_2)","decl":{"start":{"line":51,"column":8},"end":{"line":51,"column":9}},"loc":{"start":{"line":51,"column":23},"end":{"line":59,"column":9}},"line":51}},"branchMap":{"0":{"loc":{"start":{"line":36,"column":12},"end":{"line":42,"column":13}},"type":"if","locations":[{"start":{"line":36,"column":12},"end":{"line":42,"column":13}},{"start":{"line":39,"column":19},"end":{"line":42,"column":13}}],"line":36},"1":{"loc":{"start":{"line":36,"column":16},"end":{"line":36,"column":51}},"type":"binary-expr","locations":[{"start":{"line":36,"column":16},"end":{"line":36,"column":25}},{"start":{"line":36,"column":29},"end":{"line":36,"column":51}}],"line":36},"2":{"loc":{"start":{"line":52,"column":12},"end":{"line":58,"column":13}},"type":"if","locations":[{"start":{"line":52,"column":12},"end":{"line":58,"column":13}},{"start":{"line":55,"column":19},"end":{"line":58,"column":13}}],"line":52},"3":{"loc":{"start":{"line":52,"column":16},"end":{"line":52,"column":51}},"type":"binary-expr","locations":[{"start":{"line":52,"column":16},"end":{"line":52,"column":25}},{"start":{"line":52,"column":29},"end":{"line":52,"column":51}}],"line":52}},"s":{"0":0,"1":0,"2":0,"3":0,"4":0,"5":0,"6":0,"7":0,"8":0,"9":0,"10":0,"11":0,"12":0,"13":0,"14":0,"15":0,"16":0,"17":0,"18":0,"19":0,"20":0,"21":0,"22":0,"23":0},"f":{"0":0,"1":0,"2":0},"b":{"0":[0,0],"1":[0,0],"2":[0,0],"3":[0,0]}}
,"C:\\Users\\bruno\\Desktop\\C-Temporal\\C-HawkMoney-HootTrade-Dexslips\\css-utilities-generator\\src\\commands\\watch.ts": {"path":"C:\\Users\\bruno\\Desktop\\C-Temporal\\C-HawkMoney-HootTrade-Dexslips\\css-utilities-generator\\src\\commands\\watch.ts","statementMap":{"0":{"start":{"line":5,"column":72},"end":{"line":5,"column":88}},"1":{"start":{"line":8,"column":23},"end":{"line":24,"column":1}},"2":{"start":{"line":18,"column":40},"end":{"line":18,"column":61}},"3":{"start":{"line":26,"column":0},"end":{"line":28,"column":3}},"4":{"start":{"line":27,"column":4},"end":{"line":27,"column":61}},"5":{"start":{"line":30,"column":0},"end":{"line":36,"column":3}},"6":{"start":{"line":31,"column":4},"end":{"line":35,"column":5}},"7":{"start":{"line":32,"column":8},"end":{"line":32,"column":64}},"8":{"start":{"line":34,"column":8},"end":{"line":34,"column":72}}},"fnMap":{"0":{"name":"(anonymous_0)","decl":{"start":{"line":18,"column":27},"end":{"line":18,"column":28}},"loc":{"start":{"line":18,"column":40},"end":{"line":18,"column":61}},"line":18},"1":{"name":"(anonymous_1)","decl":{"start":{"line":26,"column":27},"end":{"line":26,"column":28}},"loc":{"start":{"line":26,"column":36},"end":{"line":28,"column":1}},"line":26},"2":{"name":"(anonymous_2)","decl":{"start":{"line":30,"column":26},"end":{"line":30,"column":27}},"loc":{"start":{"line":30,"column":44},"end":{"line":36,"column":1}},"line":30}},"branchMap":{"0":{"loc":{"start":{"line":5,"column":8},"end":{"line":5,"column":20}},"type":"default-arg","locations":[{"start":{"line":5,"column":18},"end":{"line":5,"column":20}}],"line":5},"1":{"loc":{"start":{"line":5,"column":22},"end":{"line":5,"column":37}},"type":"default-arg","locations":[{"start":{"line":5,"column":33},"end":{"line":5,"column":37}}],"line":5},"2":{"loc":{"start":{"line":5,"column":39},"end":{"line":5,"column":67}},"type":"default-arg","locations":[{"start":{"line":5,"column":52},"end":{"line":5,"column":67}}],"line":5},"3":{"loc":{"start":{"line":31,"column":4},"end":{"line":35,"column":5}},"type":"if","locations":[{"start":{"line":31,"column":4},"end":{"line":35,"column":5}},{"start":{"line":33,"column":11},"end":{"line":35,"column":5}}],"line":31}},"s":{"0":0,"1":0,"2":0,"3":0,"4":0,"5":0,"6":0,"7":0,"8":0},"f":{"0":0,"1":0,"2":0},"b":{"0":[0],"1":[0],"2":[0],"3":[0,0]}}
,"C:\\Users\\bruno\\Desktop\\C-Temporal\\C-HawkMoney-HootTrade-Dexslips\\css-utilities-generator\\src\\tests\\playground.ts": {"path":"C:\\Users\\bruno\\Desktop\\C-Temporal\\C-HawkMoney-HootTrade-Dexslips\\css-utilities-generator\\src\\tests\\playground.ts","statementMap":{"0":{"start":{"line":3,"column":0},"end":{"line":3,"column":36}}},"fnMap":{},"branchMap":{},"s":{"0":0},"f":{},"b":{}}
,"C:\\Users\\bruno\\Desktop\\C-Temporal\\C-HawkMoney-HootTrade-Dexslips\\css-utilities-generator\\src\\utils\\index.ts": {"path":"C:\\Users\\bruno\\Desktop\\C-Temporal\\C-HawkMoney-HootTrade-Dexslips\\css-utilities-generator\\src\\utils\\index.ts","statementMap":{},"fnMap":{},"branchMap":{},"s":{},"f":{},"b":{}}
}
